<?xml version="1.0" encoding="UTF-8"?>
<!-- Generated by org.testng.reporters.JUnitReportReporter -->
<testsuite hostname="Naveens-MacBook-Air-2.local" failures="0" tests="1" name="testCases.TC001LoginPageTest" time="8.324" errors="0" timestamp="2025-04-22T08:33:45 IST" skipped="0">
  <testcase classname="testCases.TC001LoginPageTest" name="TC001_LoginTest" time="8.324"/>
</testsuite> <!-- testCases.TC001LoginPageTest -->
