<?xml version="1.0" encoding="UTF-8"?>
<!-- Generated by org.testng.reporters.JUnitReportReporter -->
<testsuite hostname="Naveens-MacBook-Air-2.local" failures="0" tests="1" name="testCases.TC002LoginWithInvalidDetailsTest" time="4.463" errors="0" timestamp="2025-04-22T08:44:01 IST" skipped="0">
  <testcase classname="testCases.TC002LoginWithInvalidDetailsTest" name="TC002_LoginwithInvalidDetailsTest" time="4.463"/>
</testsuite> <!-- testCases.TC002LoginWithInvalidDetailsTest -->
